<?xml version="1.0" encoding="UTF-8"?>
<!-- Generated by org.testng.reporters.JUnitReportReporter -->
<testsuite skipped="1" hostname="HDC2-D-CBWSXJ2" name="com.sele.testng.DemoTestNg" tests="3" failures="0" timestamp="03 Jul 2019 06:02:55 GMT" time="0.023" errors="0">
  <testcase name="Login" time="0.016" classname="com.sele.testng.DemoTestNg"/>
  <testcase name="Logout" time="0.007" classname="com.sele.testng.DemoTestNg"/>
  <testcase name="openApp" classname="com.sele.testng.DemoTestNg">
    <skipped/>
  </testcase> <!-- openApp -->
</testsuite> <!-- com.sele.testng.DemoTestNg -->
