<?xml version="1.0" encoding="UTF-8"?>
<!-- Generated by org.testng.reporters.JUnitReportReporter -->
<testsuite skipped="1" hostname="HDC2-D-CBWSXJ2" name="com.sele.testng.DemotesNG2" tests="3" failures="0" timestamp="04 Jul 2019 09:14:47 GMT" time="14.926" errors="0">
  <testcase name="register" time="0.000" classname="com.sele.testng.DemotesNG2">
    <skipped/>
  </testcase> <!-- register -->
  <testcase name="browserInit" time="14.916" classname="com.sele.testng.DemotesNG2"/>
  <testcase name="openApp" time="0.010" classname="com.sele.testng.DemotesNG2"/>
</testsuite> <!-- com.sele.testng.DemotesNG2 -->
