<?xml version="1.0" encoding="UTF-8"?>
<!-- Generated by org.testng.reporters.JUnitReportReporter -->
<testsuite skipped="0" hostname="HDC2-D-CBWSXJ2" name="com.sele.testng.collections" tests="1" failures="0" timestamp="03 Jul 2019 09:25:37 GMT" time="7.252" errors="0">
  <testcase name="testColl" time="7.252" classname="com.sele.testng.collections"/>
</testsuite> <!-- com.sele.testng.collections -->
