<?xml version="1.0" encoding="UTF-8"?>
<!-- Generated by org.testng.reporters.JUnitReportReporter -->
<testsuite skipped="0" hostname="HDC2-D-CBWSXJ2" name="com.sele.testng.Switch" tests="1" failures="0" timestamp="03 Jul 2019 12:24:15 GMT" time="49.747" errors="0">
  <testcase name="windswitch" time="49.747" classname="com.sele.testng.Switch"/>
</testsuite> <!-- com.sele.testng.Switch -->
