<?xml version="1.0" encoding="UTF-8"?>
<!-- Generated by org.testng.reporters.JUnitReportReporter -->
<testsuite skipped="0" hostname="HDC2-D-CBWSXJ2" name="CaseStudy_3.NewTest" tests="1" failures="0" timestamp="05 Jul 2019 03:24:18 GMT" time="30.360" errors="0">
  <testcase name="s1login" time="30.360" classname="CaseStudy_3.NewTest"/>
</testsuite> <!-- CaseStudy_3.NewTest -->
