<?xml version="1.0" encoding="UTF-8"?>
<!-- Generated by org.testng.reporters.JUnitReportReporter -->
<testsuite skipped="0" hostname="HDC2-D-CBWSXJ2" name="com.sele.testng.Team3_casestudy" tests="1" failures="0" timestamp="08 Jul 2019 11:36:46 GMT" time="31.230" errors="0">
  <testcase name="Sample" time="31.230" classname="com.sele.testng.Team3_casestudy"/>
</testsuite> <!-- com.sele.testng.Team3_casestudy -->
