<?xml version="1.0" encoding="UTF-8"?>
<!-- Generated by org.testng.reporters.JUnitReportReporter -->
<testsuite skipped="0" hostname="HDC2-D-CBWSXJ2" name="CaseStudy_3.Payment" tests="2" failures="0" timestamp="05 Jul 2019 10:27:46 GMT" time="37.840" errors="0">
  <testcase name="testCart" time="30.275" classname="CaseStudy_3.Payment"/>
  <testcase name="testPayment" time="7.565" classname="CaseStudy_3.Payment"/>
</testsuite> <!-- CaseStudy_3.Payment -->
