<?xml version="1.0" encoding="UTF-8"?>
<!-- Generated by org.testng.reporters.JUnitReportReporter -->
<testsuite skipped="0" hostname="HDC2-D-CBWSXJ2" name="com.sele.testng.DemoAlert" tests="1" failures="0" timestamp="03 Jul 2019 11:23:49 GMT" time="42.287" errors="0">
  <testcase name="dalert" time="42.287" classname="com.sele.testng.DemoAlert"/>
</testsuite> <!-- com.sele.testng.DemoAlert -->
